Looking for git in: git
Using git 2.32.0 from git
> git rev-parse --git-dir
Open repository: /home/geeray/AndroidStudioProjects
> git fetch
> git status -z -u
> git check-ignore -v -z --stdin
> git symbolic-ref --short HEAD
> git for-each-ref --format=%(refname)%00%(upstream:short)%00%(objectname)%00%(upstream:track) refs/heads/master refs/remotes/master
> git for-each-ref --sort -committerdate --format %(refname) %(objectname) %(*objectname)
> git remote --verbose
> git config --get commit.template
> git status -z -u
> git symbolic-ref --short HEAD
> git for-each-ref --format=%(refname)%00%(upstream:short)%00%(objectname)%00%(upstream:track) refs/heads/master refs/remotes/master
> git for-each-ref --sort -committerdate --format %(refname) %(objectname) %(*objectname)
> git remote --verbose
> git config --get commit.template
> git check-ignore -v -z --stdin
> git check-ignore -v -z --stdin
> git check-ignore -v -z --stdin
> git check-ignore -v -z --stdin
> git show --textconv :GUI_Beispiel3Listener2/app/src/main/java/de/codeyourapp/gui_beispiel3listener/MainActivity.java
> git ls-files --stage -- /home/geeray/AndroidStudioProjects/GUI_Beispiel3Listener2/app/src/main/java/de/codeyourapp/gui_beispiel3listener/MainActivity.java
> git check-ignore -v -z --stdin
> git check-ignore -v -z --stdin
