[12:09:50.629] Log Level: 2
[12:09:50.634] remote-ssh@0.65.4
[12:09:50.634] linux x64
[12:09:50.638] SSH Resolver called for "ssh-remote+192.168.0.227", attempt 1
[12:09:50.639] "remote.SSH.useLocalServer": true
[12:09:50.640] "remote.SSH.path": undefined
[12:09:50.641] "remote.SSH.configFile": undefined
[12:09:50.641] "remote.SSH.useFlock": true
[12:09:50.642] "remote.SSH.lockfilesInTmp": false
[12:09:50.643] "remote.SSH.localServerDownload": auto
[12:09:50.643] "remote.SSH.remoteServerListenOnSocket": false
[12:09:50.644] "remote.SSH.showLoginTerminal": false
[12:09:50.646] "remote.SSH.defaultExtensions": []
[12:09:50.647] "remote.SSH.loglevel": 2
[12:09:50.648] SSH Resolver called for host: 192.168.0.227
[12:09:50.648] Setting up SSH remote "192.168.0.227"
[12:09:50.657] Acquiring local install lock: /tmp/vscode-remote-ssh-192.168.0.227-install.lock
[12:09:50.708] Looking for existing server data file at /home/geeray/.config/Code/User/globalStorage/ms-vscode-remote.remote-ssh/vscode-ssh-host-192.168.0.227-054a9295330880ed74ceaedda236253b4f39a335-0.65.4/data.json
[12:09:50.712] Using commit id "054a9295330880ed74ceaedda236253b4f39a335" and quality "stable" for server
[12:09:50.726] Install and start server if needed
[12:09:50.743] PATH: /usr/local/bin:/usr/local/sbin:/usr/bin:/usr/lib/jvm/default/bin:/usr/lib/oracle/product/11.2.0/xe/bin:/home/geeray/.fzf/bin
[12:09:50.744] Checking ssh with "ssh -V"
[12:09:50.821] > OpenSSH_8.6p1, OpenSSL 1.1.1k  25 Mar 2021

[12:09:50.831] askpass server listening on /run/user/1000/vscode-ssh-askpass-87d23b8bc04c69c1917521115ba97b9853f66319.sock
[12:09:50.832] Spawning local server with {"ipcHandlePath":"/run/user/1000/vscode-ssh-askpass-2612f153433100581ef6ca6c929dfad4c7671143.sock","sshCommand":"ssh","sshArgs":["-v","-T","-D","10633","-o","ConnectTimeout=15","192.168.0.227"],"dataFilePath":"/home/geeray/.config/Code/User/globalStorage/ms-vscode-remote.remote-ssh/vscode-ssh-host-192.168.0.227-054a9295330880ed74ceaedda236253b4f39a335-0.65.4/data.json"}
[12:09:50.833] Local server env: {"DISPLAY":":0","ELECTRON_RUN_AS_NODE":"1","SSH_ASKPASS":"/home/geeray/.vscode/extensions/ms-vscode-remote.remote-ssh-0.65.4/out/local-server/askpass.sh","VSCODE_SSH_ASKPASS_NODE":"/opt/visual-studio-code/code","VSCODE_SSH_ASKPASS_MAIN":"/home/geeray/.vscode/extensions/ms-vscode-remote.remote-ssh-0.65.4/out/askpass-main.js","VSCODE_SSH_ASKPASS_HANDLE":"/run/user/1000/vscode-ssh-askpass-87d23b8bc04c69c1917521115ba97b9853f66319.sock"}
[12:09:50.842] Spawned 643446
[12:09:51.144] > local-server> Spawned ssh: 643483
[12:09:51.152] stderr> OpenSSH_8.6p1, OpenSSL 1.1.1k  25 Mar 2021
[12:10:06.172] stderr> ssh: connect to host 192.168.0.227 port 22: Connection timed out
[12:10:06.173] > local-server> ssh child died, shutting down
[12:10:06.180] Local server exit: 0
[12:10:06.182] Received install output: OpenSSH_8.6p1, OpenSSL 1.1.1k  25 Mar 2021
ssh: connect to host 192.168.0.227 port 22: Connection timed out

[12:10:06.189] Resolver error: Error: The connection timed out
	at Function.Offline (/home/geeray/.vscode/extensions/ms-vscode-remote.remote-ssh-0.65.4/out/extension.js:1:64692)
	at /home/geeray/.vscode/extensions/ms-vscode-remote.remote-ssh-0.65.4/out/extension.js:1:62345
	at Object.t.handleInstallOutput (/home/geeray/.vscode/extensions/ms-vscode-remote.remote-ssh-0.65.4/out/extension.js:1:62620)
	at Object.e [as tryInstallWithLocalServer] (/home/geeray/.vscode/extensions/ms-vscode-remote.remote-ssh-0.65.4/out/extension.js:1:386419)
	at processTicksAndRejections (internal/process/task_queues.js:93:5)
	at async /home/geeray/.vscode/extensions/ms-vscode-remote.remote-ssh-0.65.4/out/extension.js:1:294035
	at async Object.t.withShowDetailsEvent (/home/geeray/.vscode/extensions/ms-vscode-remote.remote-ssh-0.65.4/out/extension.js:1:405329)
	at async /home/geeray/.vscode/extensions/ms-vscode-remote.remote-ssh-0.65.4/out/extension.js:1:384890
	at async E (/home/geeray/.vscode/extensions/ms-vscode-remote.remote-ssh-0.65.4/out/extension.js:1:381658)
	at async Object.t.resolveWithLocalServer (/home/geeray/.vscode/extensions/ms-vscode-remote.remote-ssh-0.65.4/out/extension.js:1:384517)
	at async Object.t.resolve (/home/geeray/.vscode/extensions/ms-vscode-remote.remote-ssh-0.65.4/out/extension.js:1:295505)
	at async /home/geeray/.vscode/extensions/ms-vscode-remote.remote-ssh-0.65.4/out/extension.js:127:110530
[12:10:06.204] ------




